Log file opened on Thu Oct  6 12:19:18 2022
Host: log-2.hpc.nyu.edu  pid: 4184623  rank ID: 0  number of ranks:  1
                      :-) GROMACS - gmx mdrun, 2018.3 (-:

                            GROMACS is written by:
     Emile Apol      Rossen Apostolov      Paul Bauer     Herman J.C. Berendsen
    Par Bjelkmar    Aldert van Buuren   Rudi van Drunen     Anton Feenstra  
  Gerrit Groenhof    Aleksei Iupinov   Christoph Junghans   Anca Hamuraru   
 Vincent Hindriksen Dimitrios Karkoulis    Peter Kasson        Jiri Kraus    
  Carsten Kutzner      Per Larsson      Justin A. Lemkul    Viveca Lindahl  
  Magnus Lundborg   Pieter Meulenhoff    Erik Marklund      Teemu Murtola   
    Szilard Pall       Sander Pronk      Roland Schulz     Alexey Shvetsov  
   Michael Shirts     Alfons Sijbers     Peter Tieleman    Teemu Virolainen 
 Christian Wennberg    Maarten Wolf   
                           and the project leaders:
        Mark Abraham, Berk Hess, Erik Lindahl, and David van der Spoel

Copyright (c) 1991-2000, University of Groningen, The Netherlands.
Copyright (c) 2001-2017, The GROMACS development team at
Uppsala University, Stockholm University and
the Royal Institute of Technology, Sweden.
check out http://www.gromacs.org for more information.

GROMACS is free software; you can redistribute it and/or modify it
under the terms of the GNU Lesser General Public License
as published by the Free Software Foundation; either version 2.1
of the License, or (at your option) any later version.

GROMACS:      gmx mdrun, version 2018.3
Executable:   /share/apps/gromacs/2018.3/openmpi/intel/bin/gmx_mpi
Data prefix:  /share/apps/gromacs/2018.3/openmpi/intel
Working dir:  /home/yx2892/comp-lab-class/Week5/T300 T400 T450 T600/T300
Command line:
  gmx_mpi mdrun -s adp -multidir T300/ T40 T645T100-deffnm adp_exchange4temps -replex 50

GROMACS version:    2018.3
Precision:          single
Memory model:       64 bit
MPI library:        MPI
OpenMP support:     disabled
GPU support:        disabled
SIMD instructions:  NONE
FFT library:        Intel MKL
RDTSCP usage:       disabled
TNG support:        enabled
Hwloc support:      hwloc-1.11.6
Tracing support:    disabled
Built on:           2021-01-27 00:36:36
Built by:           wang@cs001.nyu.cluster [CMAKE]
Build OS/arch:      Linux 4.18.0-193.28.1.el8_2.x86_64 x86_64
Build CPU vendor:   Unknown
Build CPU brand:    Unknown
Build CPU family:   0   Model: 0   Stepping: 0
Build CPU features: Unknown
C compiler:         /share/apps/openmpi/4.0.5/intel/bin/mpicc Intel 19.1.2.20200623
C compiler flags:      -mkl=sequential  -std=gnu99 -wd3180  -O3 -DNDEBUG -ip -funroll-all-loops -alias-const -ansi-alias -no-prec-div -fimf-domain-exclusion=14 -qoverride-limits  
C++ compiler:       /share/apps/openmpi/4.0.5/intel/bin/mpicxx Intel 19.1.2.20200623
C++ compiler flags:    -mkl=sequential  -std=c++11  -wd3180  -O3 -DNDEBUG -ip -funroll-all-loops -alias-const -ansi-alias -no-prec-div -fimf-domain-exclusion=14 -qoverride-limits  

